#
# A fatal error has been detected by the Java Runtime Environment:
#
#  EXCEPTION_ACCESS_VIOLATION (0xc0000005) at pc=0x025f497f, pid=6076, tid=1936
#
# JRE version: 6.0_21-b07
# Java VM: Java HotSpot(TM) Client VM (17.0-b17 mixed mode, sharing windows-x86 )
# Problematic frame:
# J  java.lang.AbstractStringBuilder.append(Ljava/lang/String;)Ljava/lang/AbstractStringBuilder;
#
# If you would like to submit a bug report, please visit:
#   http://java.sun.com/webapps/bugreport/crash.jsp
#

---------------  T H R E A D  ---------------

Current thread (0x004b9c00):  JavaThread "main" [_thread_in_Java, id=1936, stack(0x00230000,0x00280000)]

siginfo: ExceptionCode=0xc0000005, reading address 0xb1007dc8

Registers:
EAX=0x38d0c248, EBX=0x38d0c248, ECX=0x244b5f18, EDX=0xb1007db8
ESP=0x0027fb40, EBP=0x0027fb78, ESI=0x244b5f18, EDI=0x025f74c0
EIP=0x025f497f, EFLAGS=0x00010286

Top of Stack: (sp=0x0027fb40)
0x0027fb40:   004b9d18 b1007db8 0257a1f6 0027fb44
0x0027fb50:   0027fb50 00000000 244b5f18 342c8e30
0x0027fb60:   00000000 342bcdf8 00000000 0027fb80
0x0027fb70:   0027fba4 02572f07 0027fb98 025f74dc
0x0027fb80:   00000019 0027fb84 34310061 0027fbac
0x0027fb90:   244b5f18 00000000 0027fbd8 02572f07
0x0027fba0:   0027fbac 0027fbd8 02572f07 b1007db8
0x0027fbb0:   244b5f18 29889040 0027fbb8 342bd809 

Instructions: (pc=0x025f497f)
0x025f496f:   24 18 83 fa 00 0f 85 05 00 00 00 ba 68 b3 2d 39
0x025f497f:   8b 72 10 83 fe 00 0f 84 74 00 00 00 8b 79 08 03 


Stack: [0x00230000,0x00280000],  sp=0x0027fb40,  free space=13e0027f624k
Native frames: (J=compiled Java code, j=interpreted, Vv=VM code, C=native code)
J  java.lang.AbstractStringBuilder.append(Ljava/lang/String;)Ljava/lang/AbstractStringBuilder;
J  java.lang.StringBuilder.append(Ljava/lang/String;)Ljava/lang/StringBuilder;
j  org.levex.games.fallingsand.Start.render(Lorg/newdawn/slick/GameContainer;Lorg/newdawn/slick/Graphics;)V+65
j  org.newdawn.slick.GameContainer.updateAndRender(I)V+300
j  org.newdawn.slick.AppGameContainer.gameLoop()V+33
j  org.newdawn.slick.AppGameContainer.start()V+17
j  org.levex.games.fallingsand.Start.main([Ljava/lang/String;)V+67
v  ~StubRoutines::call_stub
V  [jvm.dll+0xf3abc]
V  [jvm.dll+0x1865b1]
V  [jvm.dll+0xf3b3d]
V  [jvm.dll+0xfd385]
V  [jvm.dll+0x104fdd]
C  [java.exe+0x2155]
C  [java.exe+0x85b4]
C  [kernel32.dll+0x13677]
C  [ntdll.dll+0x39d42]
C  [ntdll.dll+0x39d15]


---------------  P R O C E S S  ---------------

Java Threads: ( => current thread )
  0x04c5ec00 JavaThread "TimerQueue" daemon [_thread_blocked, id=2740, stack(0x0a080000,0x0a0d0000)]
  0x04bf6c00 JavaThread "D3D Screen Updater" daemon [_thread_blocked, id=4704, stack(0x08760000,0x087b0000)]
  0x04bdb000 JavaThread "AWT-EventQueue-0" [_thread_blocked, id=2316, stack(0x081e0000,0x08230000)]
  0x04ba4800 JavaThread "Image Fetcher 3" daemon [_thread_blocked, id=3392, stack(0x080d0000,0x08120000)]
  0x04ba4000 JavaThread "Image Fetcher 2" daemon [_thread_blocked, id=968, stack(0x08040000,0x08090000)]
  0x04ba3800 JavaThread "Image Fetcher 1" daemon [_thread_blocked, id=4732, stack(0x07fb0000,0x08000000)]
  0x04baa400 JavaThread "Image Fetcher 0" daemon [_thread_blocked, id=2180, stack(0x07f20000,0x07f70000)]
  0x04b5bc00 JavaThread "AWT-Windows" daemon [_thread_in_native, id=752, stack(0x052d0000,0x05320000)]
  0x04ae4000 JavaThread "AWT-Shutdown" [_thread_blocked, id=3152, stack(0x05240000,0x05290000)]
  0x04ac6c00 JavaThread "Java2D Disposer" daemon [_thread_blocked, id=5440, stack(0x05060000,0x050b0000)]
  0x024f8000 JavaThread "Low Memory Detector" daemon [_thread_blocked, id=3564, stack(0x04980000,0x049d0000)]
  0x024ee800 JavaThread "CompilerThread0" daemon [_thread_blocked, id=3244, stack(0x048f0000,0x04940000)]
  0x024ed000 JavaThread "Attach Listener" daemon [_thread_blocked, id=4736, stack(0x04860000,0x048b0000)]
  0x024ea000 JavaThread "Signal Dispatcher" daemon [_thread_blocked, id=5180, stack(0x047d0000,0x04820000)]
  0x024a4000 JavaThread "Finalizer" daemon [_thread_blocked, id=2808, stack(0x04740000,0x04790000)]
  0x024a2c00 JavaThread "Reference Handler" daemon [_thread_blocked, id=5720, stack(0x046b0000,0x04700000)]
=>0x004b9c00 JavaThread "main" [_thread_in_Java, id=1936, stack(0x00230000,0x00280000)]

Other Threads:
  0x024a1000 VMThread [stack: 0x04620000,0x04670000] [id=2736]
  0x024f9c00 WatcherThread [stack: 0x04a10000,0x04a60000] [id=3568]

VM state:not at safepoint (normal execution)

VM Mutex/Monitor currently owned by a thread: None

Heap
 def new generation   total 4928K, used 2655K [0x242b0000, 0x24800000, 0x29800000)
  eden space 4416K,  48% used [0x242b0000, 0x244c7e88, 0x24700000)
  from space 512K, 100% used [0x24700000, 0x24780000, 0x24780000)
  to   space 512K,   0% used [0x24780000, 0x24780000, 0x24800000)
 tenured generation   total 10944K, used 1276K [0x29800000, 0x2a2b0000, 0x342b0000)
   the space 10944K,  11% used [0x29800000, 0x2993f130, 0x2993f200, 0x2a2b0000)
 compacting perm gen  total 12288K, used 1797K [0x342b0000, 0x34eb0000, 0x382b0000)
   the space 12288K,  14% used [0x342b0000, 0x34471520, 0x34471600, 0x34eb0000)
    ro space 10240K,  54% used [0x382b0000, 0x3882c0f0, 0x3882c200, 0x38cb0000)
    rw space 12288K,  55% used [0x38cb0000, 0x3934fb80, 0x3934fc00, 0x398b0000)

Dynamic libraries:
0x00400000 - 0x00424000 	C:\Program Files (x86)\Java\jdk1.6.0_21\bin\java.exe
0x77d90000 - 0x77f10000 	C:\Windows\SysWOW64\ntdll.dll
0x76eb0000 - 0x76fb0000 	C:\Windows\syswow64\kernel32.dll
0x77310000 - 0x77356000 	C:\Windows\syswow64\KERNELBASE.dll
0x75ce0000 - 0x75d80000 	C:\Windows\syswow64\ADVAPI32.dll
0x76e00000 - 0x76eac000 	C:\Windows\syswow64\msvcrt.dll
0x77360000 - 0x77379000 	C:\Windows\SysWOW64\sechost.dll
0x75b10000 - 0x75c00000 	C:\Windows\syswow64\RPCRT4.dll
0x75900000 - 0x75960000 	C:\Windows\syswow64\SspiCli.dll
0x758f0000 - 0x758fc000 	C:\Windows\syswow64\CRYPTBASE.dll
0x7c340000 - 0x7c396000 	C:\Program Files (x86)\Java\jdk1.6.0_21\jre\bin\msvcr71.dll
0x6d8b0000 - 0x6db57000 	C:\Program Files (x86)\Java\jdk1.6.0_21\jre\bin\client\jvm.dll
0x75960000 - 0x75a60000 	C:\Windows\syswow64\USER32.dll
0x76d70000 - 0x76e00000 	C:\Windows\syswow64\GDI32.dll
0x75cd0000 - 0x75cda000 	C:\Windows\syswow64\LPK.dll
0x75a70000 - 0x75b0d000 	C:\Windows\syswow64\USP10.dll
0x73c80000 - 0x73cb2000 	C:\Windows\system32\WINMM.dll
0x778a0000 - 0x77900000 	C:\Windows\system32\IMM32.DLL
0x777b0000 - 0x7787c000 	C:\Windows\syswow64\MSCTF.dll
0x74280000 - 0x742cb000 	C:\Windows\system32\apphelp.dll
0x6d860000 - 0x6d86c000 	C:\Program Files (x86)\Java\jdk1.6.0_21\jre\bin\verify.dll
0x6d3e0000 - 0x6d3ff000 	C:\Program Files (x86)\Java\jdk1.6.0_21\jre\bin\java.dll
0x6d340000 - 0x6d348000 	C:\Program Files (x86)\Java\jdk1.6.0_21\jre\bin\hpi.dll
0x77d60000 - 0x77d65000 	C:\Windows\syswow64\PSAPI.DLL
0x6d8a0000 - 0x6d8af000 	C:\Program Files (x86)\Java\jdk1.6.0_21\jre\bin\zip.dll
0x67a80000 - 0x67acf000 	C:\Users\Levex\Documents\NetBeansProjects\FallingSand\native\LevLib.dll
0x10000000 - 0x1004a000 	C:\Users\Levex\Documents\NetBeansProjects\FallingSand\native\lwjgl.dll
0x04c60000 - 0x04d28000 	C:\Windows\system32\OPENGL32.dll
0x72ad0000 - 0x72af2000 	C:\Windows\system32\GLU32.dll
0x04d30000 - 0x04e17000 	C:\Windows\system32\DDRAW.dll
0x72b20000 - 0x72b26000 	C:\Windows\system32\DCIMAN32.dll
0x76bd0000 - 0x76d6d000 	C:\Windows\syswow64\SETUPAPI.dll
0x770b0000 - 0x770d7000 	C:\Windows\syswow64\CFGMGR32.dll
0x75c00000 - 0x75c8f000 	C:\Windows\syswow64\OLEAUT32.dll
0x771b0000 - 0x7730c000 	C:\Windows\syswow64\ole32.dll
0x77880000 - 0x77892000 	C:\Windows\syswow64\DEVOBJ.dll
0x73220000 - 0x73233000 	C:\Windows\system32\dwmapi.dll
0x74350000 - 0x74359000 	C:\Windows\system32\VERSION.dll
0x6d0b0000 - 0x6d1fa000 	C:\Program Files (x86)\Java\jdk1.6.0_21\jre\bin\awt.dll
0x741d0000 - 0x74221000 	C:\Windows\system32\WINSPOOL.DRV
0x73060000 - 0x731fe000 	C:\Windows\WinSxS\x86_microsoft.windows.common-controls_6595b64144ccf1df_6.0.7600.16661_none_420fe3fa2b8113bd\COMCTL32.dll
0x770e0000 - 0x77137000 	C:\Windows\syswow64\SHLWAPI.dll
0x73ba0000 - 0x73c20000 	C:\Windows\system32\uxtheme.dll
0x6d2e0000 - 0x6d334000 	C:\Program Files (x86)\Java\jdk1.6.0_21\jre\bin\fontmanager.dll
0x63570000 - 0x635af000 	C:\Fraps\FRAPS32.DLL
0x73df0000 - 0x73e48000 	C:\Program Files (x86)\Common Files\microsoft shared\ink\tiptsf.dll
0x6ad50000 - 0x6af13000 	C:\Windows\system32\d3d9.dll
0x6dd00000 - 0x6dd06000 	C:\Windows\system32\d3d8thk.dll
0x05670000 - 0x05f65000 	C:\Windows\system32\nvd3dum.dll
0x72be0000 - 0x72c05000 	C:\Windows\system32\powrprof.dll
0x75d80000 - 0x769c9000 	C:\Windows\syswow64\shell32.dll
0x6d6c0000 - 0x6d6d3000 	C:\Program Files (x86)\Java\jdk1.6.0_21\jre\bin\net.dll
0x77140000 - 0x77175000 	C:\Windows\syswow64\WS2_32.dll
0x75c90000 - 0x75c96000 	C:\Windows\syswow64\NSI.dll
0x743c0000 - 0x743fc000 	C:\Windows\system32\mswsock.dll
0x75390000 - 0x75396000 	C:\Windows\System32\wship6.dll
0x6d6e0000 - 0x6d6e9000 	C:\Program Files (x86)\Java\jdk1.6.0_21\jre\bin\nio.dll
0x06140000 - 0x06147000 	C:\Program Files (x86)\Internet Download Manager\idmmkb.dll
0x69500000 - 0x6a287000 	C:\Windows\system32\nvoglv32.DLL
0x77900000 - 0x77983000 	C:\Windows\syswow64\CLBCatQ.DLL
0x74310000 - 0x7434c000 	C:\Windows\system32\oleacc.dll
0x09100000 - 0x09116000 	C:\Users\Levex\Documents\NetBeansProjects\FallingSand\native\jinput-dx8.dll
0x6abf0000 - 0x6ac20000 	C:\Windows\system32\DINPUT8.dll
0x6e5a0000 - 0x6e5a9000 	C:\Windows\system32\HID.DLL
0x75ca0000 - 0x75ccd000 	C:\Windows\syswow64\WINTRUST.dll
0x77690000 - 0x777ac000 	C:\Windows\syswow64\CRYPT32.dll
0x77450000 - 0x7745c000 	C:\Windows\syswow64\MSASN1.dll

VM Arguments:
jvm_args: -Dfile.encoding=UTF-8 -Djava.library.path=native -Djava.security.policy=applet.policy 
java_command: org.levex.games.fallingsand.Start
Launcher Type: SUN_STANDARD

Environment Variables:
CLASSPATH=.;C:\Program Files (x86)\Java\jre6\lib\ext\QTJava.zip
PATH=C:\Program Files\Common Files\Microsoft Shared\Windows Live;C:\Program Files (x86)\MiKTeX 2.8\miktex\bin;C:\Program Files (x86)\NVIDIA Corporation\PhysX\Common;C:\Program Files (x86)\PHP\;C:\Perl\site\bin;C:\Perl\bin;C:\Windows\system32;C:\Windows;C:\Windows\System32\Wbem;C:\Windows\System32\WindowsPowerShell\v1.0\;C:\Program Files\MySQL\MySQL Server 5.1\bin;C:\strawberry\c\bin;C:\strawberry\perl\bin;C:\Program Files (x86)\Graphviz2.26.3\bin;C:\Program Files\TortoiseSVN\bin;C:\Program Files (x86)\QuickTime\QTSystem\;C:\Program Files (x86)\Java\jdk1.6.0_20\bin
USERNAME=Levex
OS=Windows_NT
PROCESSOR_IDENTIFIER=Intel64 Family 6 Model 23 Stepping 10, GenuineIntel



---------------  S Y S T E M  ---------------

OS: Windows 7 Build 7600 

CPU:total 2 (2 cores per cpu, 1 threads per core) family 6 model 23 stepping 10, cmov, cx8, fxsr, mmx, sse, sse2, sse3, ssse3, sse4.1

Memory: 4k page, physical 4192760k(1589256k free), swap 8383620k(5044636k free)

vm_info: Java HotSpot(TM) Client VM (17.0-b17) for windows-x86 JRE (1.6.0_21-b07), built on Jul 17 2010 01:10:15 by "java_re" with MS VC++ 7.1 (VS2003)

time: Tue Dec 14 19:29:12 2010
elapsed time: 3 seconds

