#
# A fatal error has been detected by the Java Runtime Environment:
#
#  EXCEPTION_ACCESS_VIOLATION (0xc0000005) at pc=0x024a497f, pid=1252, tid=5776
#
# JRE version: 6.0_21-b07
# Java VM: Java HotSpot(TM) Client VM (17.0-b17 mixed mode, sharing windows-x86 )
# Problematic frame:
# J  java.lang.AbstractStringBuilder.append(Ljava/lang/String;)Ljava/lang/AbstractStringBuilder;
#
# If you would like to submit a bug report, please visit:
#   http://java.sun.com/webapps/bugreport/crash.jsp
#

---------------  T H R E A D  ---------------

Current thread (0x00549c00):  JavaThread "main" [_thread_in_Java, id=5776, stack(0x003a0000,0x003f0000)]

siginfo: ExceptionCode=0xc0000005, reading address 0xb1007dc8

Registers:
EAX=0x38d0c248, EBX=0x38d0c248, ECX=0x24525278, EDX=0xb1007db8
ESP=0x003efb40, EBP=0x003efb78, ESI=0x24525278, EDI=0x024a74c0
EIP=0x024a497f, EFLAGS=0x00010286

Top of Stack: (sp=0x003efb40)
0x003efb40:   00549d18 b1007db8 0242a1f6 003efb44
0x003efb50:   003efb50 00000000 24525278 342c8e30
0x003efb60:   00000000 342bcdf8 00000000 003efb80
0x003efb70:   003efba4 02422f07 003efb98 024a74dc
0x003efb80:   00000019 003efb84 34310061 003efbac
0x003efb90:   24525278 00000000 003efbd8 02422f07
0x003efba0:   003efbac 003efbd8 02422f07 b1007db8
0x003efbb0:   24525278 29889338 003efbb8 342bd809 

Instructions: (pc=0x024a497f)
0x024a496f:   24 18 83 fa 00 0f 85 05 00 00 00 ba 68 b3 2d 39
0x024a497f:   8b 72 10 83 fe 00 0f 84 74 00 00 00 8b 79 08 03 


Stack: [0x003a0000,0x003f0000],  sp=0x003efb40,  free space=13e003ef624k
Native frames: (J=compiled Java code, j=interpreted, Vv=VM code, C=native code)
J  java.lang.AbstractStringBuilder.append(Ljava/lang/String;)Ljava/lang/AbstractStringBuilder;
J  java.lang.StringBuilder.append(Ljava/lang/String;)Ljava/lang/StringBuilder;
j  org.levex.games.fallingsand.Start.render(Lorg/newdawn/slick/GameContainer;Lorg/newdawn/slick/Graphics;)V+65
j  org.newdawn.slick.GameContainer.updateAndRender(I)V+300
j  org.newdawn.slick.AppGameContainer.gameLoop()V+33
j  org.newdawn.slick.AppGameContainer.start()V+17
j  org.levex.games.fallingsand.Start.main([Ljava/lang/String;)V+67
v  ~StubRoutines::call_stub
V  [jvm.dll+0xf3abc]
V  [jvm.dll+0x1865b1]
V  [jvm.dll+0xf3b3d]
V  [jvm.dll+0xfd385]
V  [jvm.dll+0x104fdd]
C  [java.exe+0x2155]
C  [java.exe+0x85b4]
C  [kernel32.dll+0x13677]
C  [ntdll.dll+0x39d42]
C  [ntdll.dll+0x39d15]


---------------  P R O C E S S  ---------------

Java Threads: ( => current thread )
  0x09bf9800 JavaThread "TimerQueue" daemon [_thread_blocked, id=4748, stack(0x0a0c0000,0x0a110000)]
  0x04bb9000 JavaThread "D3D Screen Updater" daemon [_thread_blocked, id=2956, stack(0x08750000,0x087a0000)]
  0x04b94400 JavaThread "AWT-EventQueue-0" [_thread_blocked, id=4628, stack(0x08140000,0x08190000)]
  0x04b65c00 JavaThread "Image Fetcher 3" daemon [_thread_blocked, id=5968, stack(0x080b0000,0x08100000)]
  0x04b65000 JavaThread "Image Fetcher 2" daemon [_thread_blocked, id=3308, stack(0x08020000,0x08070000)]
  0x04b64800 JavaThread "Image Fetcher 1" daemon [_thread_blocked, id=2636, stack(0x07f90000,0x07fe0000)]
  0x04b64000 JavaThread "Image Fetcher 0" daemon [_thread_blocked, id=6028, stack(0x07f00000,0x07f50000)]
  0x04acc800 JavaThread "AWT-Windows" daemon [_thread_in_native, id=5056, stack(0x05290000,0x052e0000)]
  0x04acc400 JavaThread "AWT-Shutdown" [_thread_blocked, id=4188, stack(0x050e0000,0x05130000)]
  0x04b06000 JavaThread "Java2D Disposer" daemon [_thread_blocked, id=4176, stack(0x05040000,0x05090000)]
  0x023a4c00 JavaThread "Low Memory Detector" daemon [_thread_blocked, id=4052, stack(0x04940000,0x04990000)]
  0x0239b400 JavaThread "CompilerThread0" daemon [_thread_blocked, id=2764, stack(0x048b0000,0x04900000)]
  0x02399c00 JavaThread "Attach Listener" daemon [_thread_blocked, id=1040, stack(0x04820000,0x04870000)]
  0x02396c00 JavaThread "Signal Dispatcher" daemon [_thread_blocked, id=5572, stack(0x04790000,0x047e0000)]
  0x02357400 JavaThread "Finalizer" daemon [_thread_blocked, id=3884, stack(0x04700000,0x04750000)]
  0x02352c00 JavaThread "Reference Handler" daemon [_thread_blocked, id=4332, stack(0x04670000,0x046c0000)]
=>0x00549c00 JavaThread "main" [_thread_in_Java, id=5776, stack(0x003a0000,0x003f0000)]

Other Threads:
  0x02351000 VMThread [stack: 0x045e0000,0x04630000] [id=5920]
  0x023a6800 WatcherThread [stack: 0x049d0000,0x04a20000] [id=3744]

VM state:not at safepoint (normal execution)

VM Mutex/Monitor currently owned by a thread: None

Heap
 def new generation   total 4928K, used 3039K [0x242b0000, 0x24800000, 0x29800000)
  eden space 4416K,  57% used [0x242b0000, 0x24527c58, 0x24700000)
  from space 512K, 100% used [0x24700000, 0x24780000, 0x24780000)
  to   space 512K,   0% used [0x24780000, 0x24780000, 0x24800000)
 tenured generation   total 10944K, used 1274K [0x29800000, 0x2a2b0000, 0x342b0000)
   the space 10944K,  11% used [0x29800000, 0x2993eab0, 0x2993ec00, 0x2a2b0000)
 compacting perm gen  total 12288K, used 1797K [0x342b0000, 0x34eb0000, 0x382b0000)
   the space 12288K,  14% used [0x342b0000, 0x344715a0, 0x34471600, 0x34eb0000)
    ro space 10240K,  54% used [0x382b0000, 0x3882c0f0, 0x3882c200, 0x38cb0000)
    rw space 12288K,  55% used [0x38cb0000, 0x3934fb80, 0x3934fc00, 0x398b0000)

Dynamic libraries:
0x00400000 - 0x00424000 	C:\Program Files (x86)\Java\jdk1.6.0_21\bin\java.exe
0x77d90000 - 0x77f10000 	C:\Windows\SysWOW64\ntdll.dll
0x76eb0000 - 0x76fb0000 	C:\Windows\syswow64\kernel32.dll
0x77310000 - 0x77356000 	C:\Windows\syswow64\KERNELBASE.dll
0x75ce0000 - 0x75d80000 	C:\Windows\syswow64\ADVAPI32.dll
0x76e00000 - 0x76eac000 	C:\Windows\syswow64\msvcrt.dll
0x77360000 - 0x77379000 	C:\Windows\SysWOW64\sechost.dll
0x75b10000 - 0x75c00000 	C:\Windows\syswow64\RPCRT4.dll
0x75900000 - 0x75960000 	C:\Windows\syswow64\SspiCli.dll
0x758f0000 - 0x758fc000 	C:\Windows\syswow64\CRYPTBASE.dll
0x7c340000 - 0x7c396000 	C:\Program Files (x86)\Java\jdk1.6.0_21\jre\bin\msvcr71.dll
0x6d8b0000 - 0x6db57000 	C:\Program Files (x86)\Java\jdk1.6.0_21\jre\bin\client\jvm.dll
0x75960000 - 0x75a60000 	C:\Windows\syswow64\USER32.dll
0x76d70000 - 0x76e00000 	C:\Windows\syswow64\GDI32.dll
0x75cd0000 - 0x75cda000 	C:\Windows\syswow64\LPK.dll
0x75a70000 - 0x75b0d000 	C:\Windows\syswow64\USP10.dll
0x73c80000 - 0x73cb2000 	C:\Windows\system32\WINMM.dll
0x778a0000 - 0x77900000 	C:\Windows\system32\IMM32.DLL
0x777b0000 - 0x7787c000 	C:\Windows\syswow64\MSCTF.dll
0x74280000 - 0x742cb000 	C:\Windows\system32\apphelp.dll
0x6d860000 - 0x6d86c000 	C:\Program Files (x86)\Java\jdk1.6.0_21\jre\bin\verify.dll
0x6d3e0000 - 0x6d3ff000 	C:\Program Files (x86)\Java\jdk1.6.0_21\jre\bin\java.dll
0x6d340000 - 0x6d348000 	C:\Program Files (x86)\Java\jdk1.6.0_21\jre\bin\hpi.dll
0x77d60000 - 0x77d65000 	C:\Windows\syswow64\PSAPI.DLL
0x6d8a0000 - 0x6d8af000 	C:\Program Files (x86)\Java\jdk1.6.0_21\jre\bin\zip.dll
0x67a80000 - 0x67acf000 	C:\Users\Levex\Documents\NetBeansProjects\FallingSand\native\LevLib.dll
0x10000000 - 0x1004a000 	C:\Users\Levex\Documents\NetBeansProjects\FallingSand\native\lwjgl.dll
0x04c40000 - 0x04d08000 	C:\Windows\system32\OPENGL32.dll
0x72ad0000 - 0x72af2000 	C:\Windows\system32\GLU32.dll
0x04d10000 - 0x04df7000 	C:\Windows\system32\DDRAW.dll
0x72b20000 - 0x72b26000 	C:\Windows\system32\DCIMAN32.dll
0x76bd0000 - 0x76d6d000 	C:\Windows\syswow64\SETUPAPI.dll
0x770b0000 - 0x770d7000 	C:\Windows\syswow64\CFGMGR32.dll
0x75c00000 - 0x75c8f000 	C:\Windows\syswow64\OLEAUT32.dll
0x771b0000 - 0x7730c000 	C:\Windows\syswow64\ole32.dll
0x77880000 - 0x77892000 	C:\Windows\syswow64\DEVOBJ.dll
0x73220000 - 0x73233000 	C:\Windows\system32\dwmapi.dll
0x74350000 - 0x74359000 	C:\Windows\system32\VERSION.dll
0x6d0b0000 - 0x6d1fa000 	C:\Program Files (x86)\Java\jdk1.6.0_21\jre\bin\awt.dll
0x741d0000 - 0x74221000 	C:\Windows\system32\WINSPOOL.DRV
0x73060000 - 0x731fe000 	C:\Windows\WinSxS\x86_microsoft.windows.common-controls_6595b64144ccf1df_6.0.7600.16661_none_420fe3fa2b8113bd\COMCTL32.dll
0x770e0000 - 0x77137000 	C:\Windows\syswow64\SHLWAPI.dll
0x73ba0000 - 0x73c20000 	C:\Windows\system32\uxtheme.dll
0x6d2e0000 - 0x6d334000 	C:\Program Files (x86)\Java\jdk1.6.0_21\jre\bin\fontmanager.dll
0x63570000 - 0x635af000 	C:\Fraps\FRAPS32.DLL
0x73df0000 - 0x73e48000 	C:\Program Files (x86)\Common Files\microsoft shared\ink\tiptsf.dll
0x6ad50000 - 0x6af13000 	C:\Windows\system32\d3d9.dll
0x6dd00000 - 0x6dd06000 	C:\Windows\system32\d3d8thk.dll
0x05430000 - 0x05d25000 	C:\Windows\system32\nvd3dum.dll
0x72be0000 - 0x72c05000 	C:\Windows\system32\powrprof.dll
0x75d80000 - 0x769c9000 	C:\Windows\syswow64\shell32.dll
0x6d6c0000 - 0x6d6d3000 	C:\Program Files (x86)\Java\jdk1.6.0_21\jre\bin\net.dll
0x77140000 - 0x77175000 	C:\Windows\syswow64\WS2_32.dll
0x75c90000 - 0x75c96000 	C:\Windows\syswow64\NSI.dll
0x743c0000 - 0x743fc000 	C:\Windows\system32\mswsock.dll
0x75390000 - 0x75396000 	C:\Windows\System32\wship6.dll
0x6d6e0000 - 0x6d6e9000 	C:\Program Files (x86)\Java\jdk1.6.0_21\jre\bin\nio.dll
0x08190000 - 0x08197000 	C:\Program Files (x86)\Internet Download Manager\idmmkb.dll
0x69500000 - 0x6a287000 	C:\Windows\system32\nvoglv32.DLL
0x77900000 - 0x77983000 	C:\Windows\syswow64\CLBCatQ.DLL
0x74310000 - 0x7434c000 	C:\Windows\system32\oleacc.dll
0x09110000 - 0x09126000 	C:\Users\Levex\Documents\NetBeansProjects\FallingSand\native\jinput-dx8.dll
0x6ca70000 - 0x6caa0000 	C:\Windows\system32\DINPUT8.dll
0x6e5b0000 - 0x6e5b9000 	C:\Windows\system32\HID.DLL
0x75ca0000 - 0x75ccd000 	C:\Windows\syswow64\WINTRUST.dll
0x77690000 - 0x777ac000 	C:\Windows\syswow64\CRYPT32.dll
0x77450000 - 0x7745c000 	C:\Windows\syswow64\MSASN1.dll

VM Arguments:
jvm_args: -Dfile.encoding=UTF-8 -Djava.library.path=native -Djava.security.policy=applet.policy 
java_command: org.levex.games.fallingsand.Start
Launcher Type: SUN_STANDARD

Environment Variables:
CLASSPATH=.;C:\Program Files (x86)\Java\jre6\lib\ext\QTJava.zip
PATH=C:\Program Files\Common Files\Microsoft Shared\Windows Live;C:\Program Files (x86)\MiKTeX 2.8\miktex\bin;C:\Program Files (x86)\NVIDIA Corporation\PhysX\Common;C:\Program Files (x86)\PHP\;C:\Perl\site\bin;C:\Perl\bin;C:\Windows\system32;C:\Windows;C:\Windows\System32\Wbem;C:\Windows\System32\WindowsPowerShell\v1.0\;C:\Program Files\MySQL\MySQL Server 5.1\bin;C:\strawberry\c\bin;C:\strawberry\perl\bin;C:\Program Files (x86)\Graphviz2.26.3\bin;C:\Program Files\TortoiseSVN\bin;C:\Program Files (x86)\QuickTime\QTSystem\;C:\Program Files (x86)\Java\jdk1.6.0_20\bin
USERNAME=Levex
OS=Windows_NT
PROCESSOR_IDENTIFIER=Intel64 Family 6 Model 23 Stepping 10, GenuineIntel



---------------  S Y S T E M  ---------------

OS: Windows 7 Build 7600 

CPU:total 2 (2 cores per cpu, 1 threads per core) family 6 model 23 stepping 10, cmov, cx8, fxsr, mmx, sse, sse2, sse3, ssse3, sse4.1

Memory: 4k page, physical 4192760k(1586800k free), swap 8383620k(5054636k free)

vm_info: Java HotSpot(TM) Client VM (17.0-b17) for windows-x86 JRE (1.6.0_21-b07), built on Jul 17 2010 01:10:15 by "java_re" with MS VC++ 7.1 (VS2003)

time: Tue Dec 14 19:28:34 2010
elapsed time: 4 seconds

